<?xml version="1.0" encoding="UTF-8"?>
<testng-results ignored="0" total="1" passed="1" failed="0" skipped="0">
  <reporter-output>
  </reporter-output>
  <suite started-at="2023-07-13T13:54:14 IST" name="Default suite" finished-at="2023-07-13T13:54:33 IST" duration-ms="18964">
    <groups>
    </groups>
    <test started-at="2023-07-13T13:54:14 IST" name="Default test" finished-at="2023-07-13T13:54:33 IST" duration-ms="18964">
      <class name="tests.LoginTest">
        <test-method is-config="true" signature="openApplication()[pri:0, instance:tests.LoginTest@f6efaab]" started-at="2023-07-13T13:54:14 IST" name="openApplication" finished-at="2023-07-13T13:54:23 IST" duration-ms="9018" status="PASS">
          <reporter-output>
          </reporter-output>
        </test-method> <!-- openApplication -->
        <test-method signature="login()[pri:0, instance:tests.LoginTest@f6efaab]" started-at="2023-07-13T13:54:23 IST" name="login" finished-at="2023-07-13T13:54:30 IST" duration-ms="7178" status="PASS">
          <reporter-output>
          </reporter-output>
        </test-method> <!-- login -->
        <test-method is-config="true" signature="closure()[pri:0, instance:tests.LoginTest@f6efaab]" started-at="2023-07-13T13:54:30 IST" name="closure" finished-at="2023-07-13T13:54:33 IST" duration-ms="2690" status="PASS">
          <reporter-output>
          </reporter-output>
        </test-method> <!-- closure -->
      </class> <!-- tests.LoginTest -->
    </test> <!-- Default test -->
  </suite> <!-- Default suite -->
</testng-results>
